env: load .env.local
env: export EXPO_PUBLIC_GOOGLE_WEB_CLIENT_ID
› Building app...
Configuration on demand is an incubating feature.
> Task :expo-gradle-plugin:expo-autolinking-plugin-shared:checkKotlinGradlePluginConfigurationErrors SKIPPED
> Task :gradle-plugin:shared:checkKotlinGradlePluginConfigurationErrors SKIPPED
> Task :gradle-plugin:settings-plugin:checkKotlinGradlePluginConfigurationErrors SKIPPED
> Task :gradle-plugin:settings-plugin:pluginDescriptors UP-TO-DATE
> Task :gradle-plugin:settings-plugin:processResources UP-TO-DATE
> Task :expo-gradle-plugin:expo-autolinking-settings-plugin:checkKotlinGradlePluginConfigurationErrors SKIPPED
> Task :expo-gradle-plugin:expo-autolinking-settings-plugin:pluginDescriptors UP-TO-DATE
> Task :expo-gradle-plugin:expo-autolinking-settings-plugin:processResources UP-TO-DATE
> Task :gradle-plugin:shared:compileKotlin UP-TO-DATE
> Task :gradle-plugin:shared:compileJava NO-SOURCE
> Task :gradle-plugin:shared:processResources NO-SOURCE
> Task :gradle-plugin:shared:classes UP-TO-DATE
> Task :expo-gradle-plugin:expo-autolinking-plugin-shared:compileKotlin UP-TO-DATE
> Task :gradle-plugin:shared:jar UP-TO-DATE
> Task :expo-gradle-plugin:expo-autolinking-plugin-shared:compileJava NO-SOURCE
> Task :expo-gradle-plugin:expo-autolinking-plugin-shared:processResources NO-SOURCE
> Task :expo-gradle-plugin:expo-autolinking-plugin-shared:classes UP-TO-DATE
> Task :expo-gradle-plugin:expo-autolinking-plugin-shared:jar UP-TO-DATE
> Task :gradle-plugin:settings-plugin:compileKotlin UP-TO-DATE
> Task :gradle-plugin:settings-plugin:compileJava NO-SOURCE
> Task :gradle-plugin:settings-plugin:classes UP-TO-DATE
> Task :gradle-plugin:settings-plugin:jar UP-TO-DATE
> Task :expo-gradle-plugin:expo-autolinking-settings-plugin:compileKotlin UP-TO-DATE
> Task :expo-gradle-plugin:expo-autolinking-settings-plugin:compileJava NO-SOURCE
> Task :expo-gradle-plugin:expo-autolinking-settings-plugin:classes UP-TO-DATE
> Task :expo-gradle-plugin:expo-autolinking-settings-plugin:jar UP-TO-DATE
> Task :gradle-plugin:react-native-gradle-plugin:checkKotlinGradlePluginConfigurationErrors SKIPPED
> Task :expo-gradle-plugin:expo-autolinking-plugin:checkKotlinGradlePluginConfigurationErrors SKIPPED
> Task :expo-module-gradle-plugin:checkKotlinGradlePluginConfigurationErrors SKIPPED
> Task :expo-module-gradle-plugin:pluginDescriptors UP-TO-DATE
> Task :expo-module-gradle-plugin:processResources UP-TO-DATE
> Task :expo-gradle-plugin:expo-autolinking-plugin:compileKotlin UP-TO-DATE
> Task :gradle-plugin:react-native-gradle-plugin:compileKotlin UP-TO-DATE
> Task :gradle-plugin:react-native-gradle-plugin:compileJava NO-SOURCE
> Task :expo-gradle-plugin:expo-autolinking-plugin:compileJava NO-SOURCE
> Task :expo-gradle-plugin:expo-autolinking-plugin:pluginDescriptors UP-TO-DATE
> Task :gradle-plugin:react-native-gradle-plugin:pluginDescriptors UP-TO-DATE
> Task :expo-gradle-plugin:expo-autolinking-plugin:processResources UP-TO-DATE
> Task :gradle-plugin:react-native-gradle-plugin:processResources UP-TO-DATE
> Task :gradle-plugin:react-native-gradle-plugin:classes UP-TO-DATE
> Task :expo-gradle-plugin:expo-autolinking-plugin:classes UP-TO-DATE
> Task :expo-gradle-plugin:expo-autolinking-plugin:jar UP-TO-DATE
> Task :gradle-plugin:react-native-gradle-plugin:jar UP-TO-DATE
> Task :expo-module-gradle-plugin:compileKotlin UP-TO-DATE
> Task :expo-module-gradle-plugin:compileJava NO-SOURCE
> Task :expo-module-gradle-plugin:classes UP-TO-DATE
> Task :expo-module-gradle-plugin:jar UP-TO-DATE

> Configure project :
[32m[ExpoRootProject][0m Using the following versions:
  - buildTools:  [32m36.0.0[0m
  - minSdk:      [32m24[0m
  - compileSdk:  [32m36[0m
  - targetSdk:   [32m36[0m
  - ndk:         [32m27.1.12297006[0m
  - kotlin:      [32m2.1.20[0m
  - ksp:         [32m2.1.20-2.0.1[0m

> Configure project :expo

Using expo modules
  - [32mexpo-constants[0m (18.0.13)
  - [32mexpo-modules-core[0m (3.0.30)
  - [33m[📦][0m [32mexpo-asset[0m (12.0.13)
  - [33m[📦][0m [32mexpo-file-system[0m (19.0.23)
  - [33m[📦][0m [32mexpo-font[0m (14.0.12)
  - [33m[📦][0m [32mexpo-image[0m (3.0.11)
  - [33m[📦][0m [32mexpo-keep-awake[0m (15.0.8)
  - [33m[📦][0m [32mexpo-linking[0m (8.0.12)
  - [33m[📦][0m [32mexpo-secure-store[0m (15.0.8)
  - [33m[📦][0m [32mexpo-splash-screen[0m (31.0.13)
  - [33m[📦][0m [32mexpo-system-ui[0m (6.0.9)
  - [33m[📦][0m [32mexpo-web-browser[0m (15.0.11)


> Task :app:generateAutolinkingNewArchitectureFiles UP-TO-DATE
> Task :expo:generatePackagesList UP-TO-DATE
> Task :expo:preBuild UP-TO-DATE
> Task :app:generateAutolinkingPackageList UP-TO-DATE
> Task :expo:preDebugBuild UP-TO-DATE
> Task :app:generateCodegenSchemaFromJavaScript SKIPPED
> Task :app:generateCodegenArtifactsFromSchema SKIPPED
> Task :expo:writeDebugAarMetadata UP-TO-DATE
> Task :expo-modules-core:preBuild UP-TO-DATE
> Task :expo-modules-core:preDebugBuild UP-TO-DATE
> Task :app:generateReactNativeEntryPoint UP-TO-DATE
> Task :app:preBuild UP-TO-DATE
> Task :app:preDebugBuild UP-TO-DATE
> Task :app:mergeDebugNativeDebugMetadata NO-SOURCE
> Task :app:checkKotlinGradlePluginConfigurationErrors SKIPPED
> Task :expo-modules-core:writeDebugAarMetadata UP-TO-DATE
> Task :app:generateDebugBuildConfig UP-TO-DATE
> Task :react-native-gesture-handler:generateCodegenSchemaFromJavaScript UP-TO-DATE
> Task :react-native-google-signin_google-signin:generateCodegenSchemaFromJavaScript UP-TO-DATE
> Task :react-native-gesture-handler:generateCodegenArtifactsFromSchema UP-TO-DATE
> Task :react-native-gesture-handler:preBuild UP-TO-DATE
> Task :react-native-gesture-handler:preDebugBuild UP-TO-DATE
> Task :react-native-gesture-handler:writeDebugAarMetadata UP-TO-DATE
> Task :react-native-google-signin_google-signin:generateCodegenArtifactsFromSchema UP-TO-DATE
> Task :react-native-google-signin_google-signin:preBuild UP-TO-DATE
> Task :react-native-google-signin_google-signin:preDebugBuild UP-TO-DATE
> Task :react-native-google-signin_google-signin:writeDebugAarMetadata UP-TO-DATE
> Task :react-native-safe-area-context:generateCodegenSchemaFromJavaScript UP-TO-DATE
> Task :react-native-safe-area-context:generateCodegenArtifactsFromSchema UP-TO-DATE
> Task :react-native-safe-area-context:preBuild UP-TO-DATE
> Task :react-native-safe-area-context:preDebugBuild UP-TO-DATE
> Task :react-native-safe-area-context:writeDebugAarMetadata UP-TO-DATE
> Task :react-native-screens:generateCodegenSchemaFromJavaScript UP-TO-DATE
> Task :react-native-screens:generateCodegenArtifactsFromSchema UP-TO-DATE
> Task :react-native-screens:preBuild UP-TO-DATE
> Task :react-native-screens:preDebugBuild UP-TO-DATE
> Task :react-native-screens:writeDebugAarMetadata UP-TO-DATE
> Task :react-native-svg:generateCodegenSchemaFromJavaScript UP-TO-DATE
> Task :react-native-svg:generateCodegenArtifactsFromSchema UP-TO-DATE
> Task :react-native-svg:preBuild UP-TO-DATE
> Task :react-native-svg:preDebugBuild UP-TO-DATE
> Task :react-native-svg:writeDebugAarMetadata UP-TO-DATE
> Task :react-native-reanimated:assertMinimalReactNativeVersionTask
> Task :react-native-reanimated:assertNewArchitectureEnabledTask SKIPPED
> Task :react-native-worklets:assertMinimalReactNativeVersionTask
> Task :react-native-worklets:assertNewArchitectureEnabledTask SKIPPED
> Task :react-native-worklets:generateCodegenSchemaFromJavaScript UP-TO-DATE
> Task :react-native-worklets:generateCodegenArtifactsFromSchema UP-TO-DATE
> Task :react-native-worklets:prepareWorkletsHeadersForPrefabs UP-TO-DATE
> Task :react-native-worklets:preBuild
> Task :react-native-worklets:preDebugBuild
> Task :react-native-worklets:writeDebugAarMetadata UP-TO-DATE
> Task :app:generateDebugResValues UP-TO-DATE
> Task :expo:generateDebugResValues UP-TO-DATE
> Task :expo:generateDebugResources UP-TO-DATE
> Task :expo:packageDebugResources UP-TO-DATE
> Task :expo-modules-core:generateDebugResValues UP-TO-DATE
> Task :expo-modules-core:generateDebugResources UP-TO-DATE
> Task :expo-modules-core:packageDebugResources UP-TO-DATE
> Task :react-native-gesture-handler:generateDebugResValues UP-TO-DATE
> Task :react-native-gesture-handler:generateDebugResources UP-TO-DATE
> Task :react-native-gesture-handler:packageDebugResources UP-TO-DATE
> Task :react-native-google-signin_google-signin:generateDebugResValues UP-TO-DATE
> Task :react-native-google-signin_google-signin:generateDebugResources UP-TO-DATE
> Task :react-native-google-signin_google-signin:packageDebugResources UP-TO-DATE
> Task :react-native-safe-area-context:generateDebugResValues UP-TO-DATE
> Task :react-native-safe-area-context:generateDebugResources UP-TO-DATE
> Task :react-native-safe-area-context:packageDebugResources UP-TO-DATE
> Task :react-native-reanimated:assertWorkletsVersionTask
> Task :react-native-screens:generateDebugResValues UP-TO-DATE
> Task :react-native-screens:generateDebugResources UP-TO-DATE
> Task :react-native-reanimated:generateCodegenSchemaFromJavaScript UP-TO-DATE
> Task :react-native-screens:packageDebugResources UP-TO-DATE
> Task :react-native-reanimated:generateCodegenArtifactsFromSchema UP-TO-DATE
> Task :react-native-svg:generateDebugResValues UP-TO-DATE
> Task :react-native-svg:generateDebugResources UP-TO-DATE
> Task :react-native-svg:packageDebugResources UP-TO-DATE
> Task :react-native-worklets:generateDebugResValues UP-TO-DATE
> Task :react-native-worklets:generateDebugResources UP-TO-DATE
> Task :react-native-worklets:packageDebugResources UP-TO-DATE
> Task :app:generateDebugResources UP-TO-DATE
> Task :app:packageDebugResources UP-TO-DATE
> Task :app:parseDebugLocalResources UP-TO-DATE
> Task :app:createDebugCompatibleScreenManifests UP-TO-DATE
> Task :app:extractDeepLinksDebug UP-TO-DATE
> Task :react-native-reanimated:prepareReanimatedHeadersForPrefabs UP-TO-DATE
> Task :react-native-reanimated:preBuild
> Task :react-native-reanimated:preDebugBuild
> Task :expo:extractDeepLinksDebug UP-TO-DATE
> Task :react-native-reanimated:writeDebugAarMetadata UP-TO-DATE
> Task :react-native-reanimated:generateDebugResValues UP-TO-DATE
> Task :expo:processDebugManifest UP-TO-DATE
> Task :react-native-reanimated:generateDebugResources UP-TO-DATE
> Task :expo-modules-core:extractDeepLinksDebug UP-TO-DATE
> Task :expo-modules-core:processDebugManifest UP-TO-DATE
> Task :react-native-reanimated:packageDebugResources UP-TO-DATE
> Task :react-native-gesture-handler:extractDeepLinksDebug UP-TO-DATE
> Task :react-native-google-signin_google-signin:extractDeepLinksDebug UP-TO-DATE
> Task :react-native-gesture-handler:processDebugManifest UP-TO-DATE
> Task :react-native-google-signin_google-signin:processDebugManifest UP-TO-DATE
> Task :react-native-reanimated:extractDeepLinksDebug UP-TO-DATE
> Task :react-native-safe-area-context:extractDeepLinksDebug UP-TO-DATE
> Task :react-native-reanimated:processDebugManifest UP-TO-DATE
> Task :react-native-screens:extractDeepLinksDebug UP-TO-DATE
> Task :react-native-safe-area-context:processDebugManifest UP-TO-DATE
> Task :react-native-svg:extractDeepLinksDebug UP-TO-DATE
> Task :react-native-screens:processDebugManifest UP-TO-DATE
> Task :react-native-worklets:extractDeepLinksDebug UP-TO-DATE
> Task :react-native-svg:processDebugManifest UP-TO-DATE
> Task :expo:compileDebugLibraryResources UP-TO-DATE
> Task :react-native-worklets:processDebugManifest UP-TO-DATE
> Task :expo:parseDebugLocalResources UP-TO-DATE
> Task :expo-modules-core:compileDebugLibraryResources UP-TO-DATE
> Task :expo-constants:createExpoConfig
> Task :expo-constants:preBuild
> Task :expo-constants:preDebugBuild
> Task :expo-constants:writeDebugAarMetadata UP-TO-DATE
> Task :expo:generateDebugRFile UP-TO-DATE
> Task :expo-modules-core:parseDebugLocalResources UP-TO-DATE
> Task :expo-constants:generateDebugResValues UP-TO-DATE
> Task :expo-constants:generateDebugResources UP-TO-DATE
> Task :expo-modules-core:generateDebugRFile UP-TO-DATE
> Task :react-native-gesture-handler:compileDebugLibraryResources UP-TO-DATE
> Task :expo-constants:packageDebugResources UP-TO-DATE
> Task :react-native-gesture-handler:parseDebugLocalResources UP-TO-DATE
> Task :expo-constants:extractDeepLinksDebug UP-TO-DATE
> Task :react-native-gesture-handler:generateDebugRFile UP-TO-DATE
> Task :react-native-google-signin_google-signin:compileDebugLibraryResources UP-TO-DATE
> Task :expo-constants:processDebugManifest UP-TO-DATE
> Task :expo-constants:compileDebugLibraryResources UP-TO-DATE
> Task :react-native-google-signin_google-signin:parseDebugLocalResources UP-TO-DATE
> Task :expo-constants:parseDebugLocalResources UP-TO-DATE
> Task :react-native-google-signin_google-signin:generateDebugRFile UP-TO-DATE
> Task :expo-constants:generateDebugRFile UP-TO-DATE
> Task :react-native-reanimated:compileDebugLibraryResources UP-TO-DATE
> Task :react-native-safe-area-context:compileDebugLibraryResources UP-TO-DATE
> Task :react-native-reanimated:parseDebugLocalResources UP-TO-DATE
> Task :react-native-safe-area-context:parseDebugLocalResources UP-TO-DATE
> Task :react-native-reanimated:generateDebugRFile UP-TO-DATE
> Task :react-native-safe-area-context:generateDebugRFile UP-TO-DATE
> Task :react-native-svg:compileDebugLibraryResources UP-TO-DATE
> Task :react-native-screens:compileDebugLibraryResources UP-TO-DATE
> Task :react-native-svg:parseDebugLocalResources UP-TO-DATE
> Task :react-native-screens:parseDebugLocalResources UP-TO-DATE
> Task :react-native-svg:generateDebugRFile UP-TO-DATE
> Task :react-native-screens:generateDebugRFile UP-TO-DATE
> Task :expo:checkKotlinGradlePluginConfigurationErrors SKIPPED
> Task :react-native-worklets:compileDebugLibraryResources UP-TO-DATE
> Task :expo:generateDebugBuildConfig UP-TO-DATE
> Task :expo-constants:checkKotlinGradlePluginConfigurationErrors SKIPPED
> Task :react-native-worklets:parseDebugLocalResources UP-TO-DATE
> Task :expo-constants:generateDebugBuildConfig UP-TO-DATE
> Task :expo-modules-core:checkKotlinGradlePluginConfigurationErrors SKIPPED
> Task :expo-modules-core:generateDebugBuildConfig UP-TO-DATE
> Task :react-native-worklets:generateDebugRFile UP-TO-DATE
> Task :expo-constants:javaPreCompileDebug UP-TO-DATE
> Task :expo:javaPreCompileDebug UP-TO-DATE
> Task :react-native-gesture-handler:checkKotlinGradlePluginConfigurationErrors SKIPPED
> Task :react-native-gesture-handler:generateDebugBuildConfig UP-TO-DATE
> Task :react-native-reanimated:generateDebugBuildConfig UP-TO-DATE
> Task :react-native-reanimated:javaPreCompileDebug UP-TO-DATE
> Task :react-native-worklets:generateDebugBuildConfig UP-TO-DATE
> Task :react-native-worklets:javaPreCompileDebug UP-TO-DATE
> Task :app:checkDebugAarMetadata UP-TO-DATE
> Task :app:mapDebugSourceSetPaths UP-TO-DATE
> Task :app:mergeDebugResources UP-TO-DATE
> Task :react-native-worklets:compileDebugJavaWithJavac UP-TO-DATE
> Task :react-native-worklets:bundleLibCompileToJarDebug UP-TO-DATE
> Task :app:processDebugMainManifest UP-TO-DATE
> Task :app:processDebugManifest UP-TO-DATE
> Task :app:processDebugManifestForPackage UP-TO-DATE
> Task :react-native-reanimated:compileDebugJavaWithJavac UP-TO-DATE
> Task :react-native-reanimated:bundleLibCompileToJarDebug UP-TO-DATE
> Task :react-native-svg:generateDebugBuildConfig UP-TO-DATE
> Task :react-native-svg:javaPreCompileDebug UP-TO-DATE
> Task :app:processDebugResources UP-TO-DATE
> Task :react-native-gesture-handler:javaPreCompileDebug UP-TO-DATE
> Task :react-native-google-signin_google-signin:checkKotlinGradlePluginConfigurationErrors SKIPPED
> Task :react-native-google-signin_google-signin:generateDebugBuildConfig UP-TO-DATE
> Task :react-native-svg:compileDebugJavaWithJavac UP-TO-DATE
> Task :react-native-svg:bundleLibCompileToJarDebug UP-TO-DATE
> Task :react-native-google-signin_google-signin:compileDebugKotlin UP-TO-DATE
> Task :react-native-google-signin_google-signin:javaPreCompileDebug UP-TO-DATE
> Task :react-native-gesture-handler:compileDebugKotlin UP-TO-DATE
> Task :expo-modules-core:compileDebugKotlin UP-TO-DATE
> Task :expo-modules-core:javaPreCompileDebug UP-TO-DATE
> Task :react-native-google-signin_google-signin:compileDebugJavaWithJavac UP-TO-DATE
> Task :react-native-google-signin_google-signin:bundleLibCompileToJarDebug UP-TO-DATE
> Task :react-native-safe-area-context:checkKotlinGradlePluginConfigurationErrors SKIPPED
> Task :react-native-safe-area-context:generateDebugBuildConfig UP-TO-DATE
> Task :react-native-gesture-handler:compileDebugJavaWithJavac UP-TO-DATE
> Task :react-native-gesture-handler:bundleLibCompileToJarDebug UP-TO-DATE
> Task :react-native-screens:checkKotlinGradlePluginConfigurationErrors SKIPPED
> Task :react-native-screens:generateDebugBuildConfig UP-TO-DATE
> Task :expo-modules-core:compileDebugJavaWithJavac UP-TO-DATE
> Task :expo-modules-core:bundleLibCompileToJarDebug UP-TO-DATE
> Task :react-native-safe-area-context:compileDebugKotlin UP-TO-DATE
> Task :react-native-safe-area-context:javaPreCompileDebug UP-TO-DATE
> Task :expo-constants:compileDebugKotlin UP-TO-DATE
> Task :react-native-safe-area-context:compileDebugJavaWithJavac UP-TO-DATE
> Task :react-native-safe-area-context:bundleLibCompileToJarDebug UP-TO-DATE
> Task :app:javaPreCompileDebug UP-TO-DATE
> Task :expo-constants:compileDebugJavaWithJavac UP-TO-DATE
> Task :app:mergeDebugShaders UP-TO-DATE
> Task :expo-constants:bundleLibCompileToJarDebug UP-TO-DATE
> Task :app:compileDebugShaders NO-SOURCE
> Task :app:generateDebugAssets UP-TO-DATE
> Task :expo-constants:mergeDebugShaders UP-TO-DATE
> Task :expo-constants:compileDebugShaders NO-SOURCE
> Task :expo-constants:generateDebugAssets UP-TO-DATE
> Task :expo-constants:mergeDebugAssets UP-TO-DATE
> Task :expo-modules-core:mergeDebugShaders UP-TO-DATE
> Task :expo-modules-core:compileDebugShaders NO-SOURCE
> Task :expo-modules-core:generateDebugAssets UP-TO-DATE
> Task :expo-modules-core:mergeDebugAssets UP-TO-DATE
> Task :react-native-gesture-handler:mergeDebugShaders UP-TO-DATE
> Task :react-native-gesture-handler:compileDebugShaders NO-SOURCE
> Task :react-native-gesture-handler:generateDebugAssets UP-TO-DATE
> Task :react-native-gesture-handler:mergeDebugAssets UP-TO-DATE
> Task :react-native-google-signin_google-signin:mergeDebugShaders UP-TO-DATE
> Task :react-native-google-signin_google-signin:compileDebugShaders NO-SOURCE
> Task :react-native-google-signin_google-signin:generateDebugAssets UP-TO-DATE
> Task :react-native-google-signin_google-signin:mergeDebugAssets UP-TO-DATE
> Task :react-native-reanimated:mergeDebugShaders UP-TO-DATE
> Task :react-native-reanimated:compileDebugShaders NO-SOURCE
> Task :react-native-reanimated:generateDebugAssets UP-TO-DATE
> Task :react-native-reanimated:mergeDebugAssets UP-TO-DATE
> Task :react-native-safe-area-context:mergeDebugShaders UP-TO-DATE
> Task :react-native-screens:compileDebugKotlin UP-TO-DATE
> Task :react-native-safe-area-context:compileDebugShaders NO-SOURCE
> Task :react-native-safe-area-context:generateDebugAssets UP-TO-DATE
> Task :react-native-screens:javaPreCompileDebug UP-TO-DATE
> Task :react-native-safe-area-context:mergeDebugAssets UP-TO-DATE
> Task :react-native-svg:mergeDebugShaders UP-TO-DATE
> Task :react-native-svg:compileDebugShaders NO-SOURCE
> Task :react-native-svg:generateDebugAssets UP-TO-DATE
> Task :react-native-svg:mergeDebugAssets UP-TO-DATE
> Task :react-native-worklets:mergeDebugShaders UP-TO-DATE
> Task :react-native-worklets:compileDebugShaders NO-SOURCE
> Task :react-native-screens:compileDebugJavaWithJavac UP-TO-DATE
> Task :react-native-worklets:generateDebugAssets UP-TO-DATE
> Task :react-native-screens:bundleLibCompileToJarDebug UP-TO-DATE
> Task :react-native-worklets:mergeDebugAssets UP-TO-DATE
> Task :react-native-screens:mergeDebugShaders UP-TO-DATE
> Task :react-native-google-signin_google-signin:bundleLibRuntimeToJarDebug UP-TO-DATE
> Task :react-native-screens:compileDebugShaders NO-SOURCE
> Task :react-native-screens:generateDebugAssets UP-TO-DATE
> Task :react-native-screens:mergeDebugAssets UP-TO-DATE
> Task :react-native-gesture-handler:bundleLibRuntimeToJarDebug UP-TO-DATE
> Task :react-native-safe-area-context:bundleLibRuntimeToJarDebug UP-TO-DATE
> Task :react-native-screens:bundleLibRuntimeToJarDebug UP-TO-DATE
> Task :react-native-reanimated:bundleLibRuntimeToJarDebug UP-TO-DATE
> Task :react-native-worklets:bundleLibRuntimeToJarDebug UP-TO-DATE
> Task :react-native-svg:bundleLibRuntimeToJarDebug UP-TO-DATE
> Task :expo:compileDebugKotlin UP-TO-DATE
> Task :expo-constants:bundleLibRuntimeToJarDebug UP-TO-DATE
> Task :expo-modules-core:bundleLibRuntimeToJarDebug UP-TO-DATE
> Task :app:desugarDebugFileDependencies UP-TO-DATE
> Task :expo:compileDebugJavaWithJavac UP-TO-DATE
> Task :expo:bundleLibCompileToJarDebug UP-TO-DATE
> Task :expo-constants:processDebugJavaRes UP-TO-DATE
> Task :expo:mergeDebugShaders UP-TO-DATE
> Task :expo:compileDebugShaders NO-SOURCE
> Task :expo:generateDebugAssets UP-TO-DATE
> Task :expo:mergeDebugAssets UP-TO-DATE
> Task :expo:bundleLibRuntimeToJarDebug UP-TO-DATE
> Task :expo-modules-core:processDebugJavaRes UP-TO-DATE
> Task :expo:processDebugJavaRes UP-TO-DATE
> Task :react-native-gesture-handler:processDebugJavaRes UP-TO-DATE
> Task :react-native-reanimated:processDebugJavaRes NO-SOURCE
> Task :react-native-google-signin_google-signin:processDebugJavaRes UP-TO-DATE
> Task :react-native-safe-area-context:processDebugJavaRes UP-TO-DATE
> Task :react-native-svg:processDebugJavaRes NO-SOURCE
> Task :react-native-worklets:processDebugJavaRes NO-SOURCE
> Task :react-native-screens:processDebugJavaRes UP-TO-DATE
> Task :react-native-google-signin_google-signin:bundleLibRuntimeToDirDebug UP-TO-DATE
> Task :react-native-gesture-handler:bundleLibRuntimeToDirDebug UP-TO-DATE
> Task :react-native-safe-area-context:bundleLibRuntimeToDirDebug UP-TO-DATE
> Task :app:compileDebugKotlin UP-TO-DATE
> Task :app:compileDebugJavaWithJavac UP-TO-DATE
> Task :expo:bundleLibRuntimeToDirDebug UP-TO-DATE
> Task :app:mergeDebugAssets UP-TO-DATE
> Task :react-native-screens:bundleLibRuntimeToDirDebug UP-TO-DATE
> Task :app:compressDebugAssets UP-TO-DATE
> Task :react-native-reanimated:bundleLibRuntimeToDirDebug UP-TO-DATE
> Task :app:dexBuilderDebug UP-TO-DATE
> Task :react-native-svg:bundleLibRuntimeToDirDebug UP-TO-DATE
> Task :react-native-worklets:bundleLibRuntimeToDirDebug UP-TO-DATE
> Task :app:mergeDebugGlobalSynthetics UP-TO-DATE
> Task :app:processDebugJavaRes UP-TO-DATE
> Task :app:mergeDebugJavaResource UP-TO-DATE
> Task :app:checkDebugDuplicateClasses UP-TO-DATE
> Task :app:mergeExtDexDebug UP-TO-DATE
> Task :expo-modules-core:bundleLibRuntimeToDirDebug UP-TO-DATE
> Task :app:mergeProjectDexDebug UP-TO-DATE
> Task :expo-constants:bundleLibRuntimeToDirDebug UP-TO-DATE
> Task :app:mergeDebugJniLibFolders UP-TO-DATE
> Task :expo:mergeDebugJniLibFolders UP-TO-DATE
> Task :expo:mergeDebugNativeLibs NO-SOURCE
> Task :expo:copyDebugJniLibsProjectOnly UP-TO-DATE
> Task :expo-constants:mergeDebugJniLibFolders UP-TO-DATE
> Task :expo-constants:mergeDebugNativeLibs NO-SOURCE
> Task :expo-constants:copyDebugJniLibsProjectOnly UP-TO-DATE
> Task :app:mergeLibDexDebug UP-TO-DATE
> Task :react-native-gesture-handler:mergeDebugJniLibFolders UP-TO-DATE
> Task :react-native-google-signin_google-signin:mergeDebugJniLibFolders UP-TO-DATE
> Task :react-native-google-signin_google-signin:mergeDebugNativeLibs NO-SOURCE
> Task :react-native-google-signin_google-signin:copyDebugJniLibsProjectOnly UP-TO-DATE
> Task :react-native-reanimated:mergeDebugJniLibFolders UP-TO-DATE
> Task :react-native-safe-area-context:mergeDebugJniLibFolders UP-TO-DATE
> Task :react-native-safe-area-context:mergeDebugNativeLibs NO-SOURCE
> Task :react-native-safe-area-context:copyDebugJniLibsProjectOnly UP-TO-DATE
> Task :expo-modules-core:configureCMakeDebug[arm64-v8a]
> Task :react-native-worklets:configureCMakeDebug[arm64-v8a]
> Task :react-native-screens:configureCMakeDebug[arm64-v8a]
> Task :react-native-screens:buildCMakeDebug[arm64-v8a]
> Task :expo-modules-core:buildCMakeDebug[arm64-v8a]
> Task :react-native-screens:configureCMakeDebug[x86_64]
> Task :react-native-worklets:configureCMakeDebug[x86_64]
> Task :react-native-worklets:generateJsonModelDebug
> Task :expo-modules-core:configureCMakeDebug[x86_64]
> Task :react-native-worklets:prefabDebugConfigurePackage
> Task :react-native-reanimated:configureCMakeDebug[arm64-v8a]
> Task :react-native-reanimated:configureCMakeDebug[x86_64]
> Task :react-native-reanimated:generateJsonModelDebug
> Task :react-native-reanimated:prefabDebugConfigurePackage
> Task :app:configureCMakeDebug[arm64-v8a]
> Task :react-native-worklets:buildCMakeDebug[arm64-v8a][worklets]
> Task :react-native-screens:buildCMakeDebug[x86_64]
> Task :expo-modules-core:buildCMakeDebug[x86_64]
> Task :expo-modules-core:mergeDebugJniLibFolders UP-TO-DATE
> Task :expo-modules-core:mergeDebugNativeLibs
> Task :expo-modules-core:copyDebugJniLibsProjectOnly
> Task :react-native-worklets:buildCMakeDebug[x86_64][worklets]
> Task :react-native-gesture-handler:configureCMakeDebug[arm64-v8a]
> Task :app:configureCMakeDebug[x86_64]
> Task :react-native-screens:mergeDebugJniLibFolders UP-TO-DATE
> Task :react-native-screens:mergeDebugNativeLibs
> Task :react-native-screens:copyDebugJniLibsProjectOnly
> Task :react-native-svg:mergeDebugJniLibFolders UP-TO-DATE
> Task :react-native-svg:mergeDebugNativeLibs NO-SOURCE
> Task :react-native-svg:copyDebugJniLibsProjectOnly UP-TO-DATE
> Task :app:validateSigningDebug UP-TO-DATE
> Task :app:writeDebugAppMetadata UP-TO-DATE
> Task :app:writeDebugSigningConfigVersions UP-TO-DATE
> Task :react-native-gesture-handler:configureCMakeDebug[x86_64]
> Task :react-native-worklets:externalNativeBuildDebug
> Task :react-native-worklets:prefabDebugPackage
> Task :react-native-worklets:mergeDebugJniLibFolders UP-TO-DATE
> Task :react-native-reanimated:buildCMakeDebug[arm64-v8a][reanimated]
> Task :react-native-worklets:mergeDebugNativeLibs
> Task :react-native-worklets:copyDebugJniLibsProjectOnly
> Task :react-native-reanimated:buildCMakeDebug[x86_64][reanimated]
> Task :react-native-reanimated:externalNativeBuildDebug
> Task :react-native-reanimated:prefabDebugPackage
> Task :react-native-gesture-handler:buildCMakeDebug[arm64-v8a]
> Task :react-native-reanimated:mergeDebugNativeLibs
> Task :react-native-reanimated:copyDebugJniLibsProjectOnly
> Task :react-native-gesture-handler:buildCMakeDebug[x86_64]
> Task :app:buildCMakeDebug[arm64-v8a]
> Task :react-native-gesture-handler:mergeDebugNativeLibs
> Task :react-native-gesture-handler:copyDebugJniLibsProjectOnly
> Task :app:buildCMakeDebug[x86_64]
> Task :app:mergeDebugNativeLibs
> Task :app:stripDebugDebugSymbols
> Task :app:packageDebug
> Task :app:createDebugApkListingFileRedirect UP-TO-DATE
> Task :app:assembleDebug

[Incubating] Problems report is available at: file:///D:/WorkoutApp/frontend/workout-app/android/build/reports/problems/problems-report.html

Deprecated Gradle features were used in this build, making it incompatible with Gradle 9.0.

You can use '--warning-mode all' to show the individual deprecation warnings and determine if they come from your own scripts or plugins.

For more on this, please refer to https://docs.gradle.org/8.14.3/userguide/command_line_interface.html#sec:command_line_warnings in the Gradle documentation.

BUILD SUCCESSFUL in 3m 8s
324 actionable tasks: 47 executed, 277 up-to-date
Using src/app as the root directory for Expo Router.
React Compiler enabled
Starting Metro Bundler
Waiting on http://localhost:8081
› Installing D:\WorkoutApp\frontend\workout-app\android\app\build\outputs\apk\debug\app-debug.apk
› Opening workoutapp://expo-development-client/?url=http%3A%2F%2F192.168.100.9%3A8081 on WorkoutEmu

› Logs for your project will appear below.
Android node_modules\expo-router\entry.js ░░░░░░░░░░░░░░░░  0.0% (0/1)
Android Bundled 1388ms node_modules\expo-router\entry.js (1614 modules)
Android node_modules\expo-router\entry.js ░░░░░░░░░░░░░░░░  0.0% (0/1)
Android Bundled 208ms node_modules\expo-router\entry.js (1 module)
 ERROR  [ReferenceError: Property 'useRef' doesn't exist] 

Call Stack
  SkinfoldRow (src\components\metrics-controls.tsx)
  callComponent.reactStackBottomFrame (node_modules\react-native\Libraries\Renderer\implementations\ReactFabric-dev.js)
  renderWithHooks (node_modules\react-native\Libraries\Renderer\implementations\ReactFabric-dev.js)
  updateFunctionComponent (node_modules\react-native\Libraries\Renderer\implementations\ReactFabric-dev.js)
  beginWork (node_modules\react-native\Libraries\Renderer\implementations\ReactFabric-dev.js)
  runWithFiberInDEV (node_modules\react-native\Libraries\Renderer\implementations\ReactFabric-dev.js)
  performUnitOfWork (node_modules\react-native\Libraries\Renderer\implementations\ReactFabric-dev.js)
  workLoopSync (node_modules\react-native\Libraries\Renderer\implementations\ReactFabric-dev.js)
  renderRootSync (node_modules\react-native\Libraries\Renderer\implementations\ReactFabric-dev.js)
  performWorkOnRoot (node_modules\react-native\Libraries\Renderer\implementations\ReactFabric-dev.js)
  performSyncWorkOnRoot (node_modules\react-native\Libraries\Renderer\implementations\ReactFabric-dev.js)
  flushSyncWorkAcrossRoots_impl (node_modules\react-native\Libraries\Renderer\implementations\ReactFabric-dev.js)
  flushSyncWork (node_modules\react-native\Libraries\Renderer\implementations\ReactFabric-dev.js)
  scheduleRefresh (node_modules\react-native\Libraries\Renderer\implementations\ReactFabric-dev.js)
  apply (<native>)
  renderer.scheduleRefresh (node_modules\react-devtools-core\dist\backend.js)
  mountedRootsSnapshot.forEach$argument_0 (node_modules\react-refresh\cjs\react-refresh-runtime.development.js)
  forEach (<native>)
  performReactRefresh (node_modules\react-refresh\cjs\react-refresh-runtime.development.js)
  Refresh.performReactRefresh (node_modules\react-native\Libraries\Core\setUpReactRefresh.js)
  setTimeout$argument_0 (node_modules\expo\node_modules\@expo\cli\build\metro-require\require.js) 

Call Stack
  SKINFOLD_SITES.map$argument_0 (src\components\metrics-controls.tsx)
  map (<native>)
  SkinfoldInputs (src\components\metrics-controls.tsx)
  OnboardingFlow (src\components\onboarding-flow.tsx)
  AuthGate (src\app\_layout.tsx)
  RootLayout (src\app\_layout.tsx)
  BaseRoute (node_modules\expo-router\build\useScreens.js)
  SceneView (node_modules\@react-navigation\core\lib\module\SceneView.js)
  render (node_modules\@react-navigation\core\lib\module\useDescriptors.js)
  routes.reduce$argument_0 (node_modules\@react-navigation\core\lib\module\useDescriptors.js)
  reduce (<native>)
  useDescriptors (node_modules\@react-navigation\core\lib\module\useDescriptors.js)
  useNavigationBuilder (node_modules\@react-navigation\core\lib\module\useNavigationBuilder.js)
  Content (node_modules\expo-router\build\ExpoRoot.js)
  ContextNavigator (node_modules\expo-router\build\ExpoRoot.js)
  ExpoRoot (node_modules\expo-router\build\ExpoRoot.js)
  App (node_modules\expo-router\build\qualified-entry.js)
  WithDevTools (node_modules\expo\src\launch\withDevTools.tsx)
Android node_modules\expo-router\entry.js ░░░░░░░░░░░░░░░░  0.0% (0/1)
Android Bundled 119ms node_modules\expo-router\entry.js (1 module)
 WARN  Tab trigger 'comunidad' has the href '/comunidad' which points to a +not-found route.
 WARN  Tab trigger 'comunidad' has the href '/comunidad' which points to a +not-found route.
 WARN  Tab trigger 'comunidad' has the href '/comunidad' which points to a +not-found route.
Android node_modules\expo-router\entry.js ░░░░░░░░░░░░░░░░  0.0% (0/1)
Android Bundled 1085ms node_modules\expo-router\entry.js (1 module)
Unable to resolve "./WebView" from "node_modules\react-native-webview\src\index.ts"
[0m[31m[1m>[22m[39m[90m 1 |[39m [36mimport[39m [33mWebView[39m [36mfrom[39m [32m'./WebView'[39m[33m;[39m
 [90m   |[39m                      [31m[1m^[22m[39m
 [90m 2 |[39m
 [90m 3 |[39m [36mexport[39m { [33mWebView[39m }[33m;[39m
 [90m 4 |[39m [36mexport[39m [36mdefault[39m [33mWebView[39m[33m;[39m[0m

Import stack:

 node_modules\react-native-webview\src\index.ts
 | import "./WebView"

 src\components\map-preview.tsx
 | import "react-native-webview"

 src\app\comunidad\actividades.tsx
 | import "@/components/map-preview"

 src\app (require.context)

Unable to resolve "./WebView" from "node_modules\react-native-webview\src\index.ts"
[0m[31m[1m>[22m[39m[90m 1 |[39m [36mimport[39m [33mWebView[39m [36mfrom[39m [32m'./WebView'[39m[33m;[39m
 [90m   |[39m                      [31m[1m^[22m[39m
 [90m 2 |[39m
 [90m 3 |[39m [36mexport[39m { [33mWebView[39m }[33m;[39m
 [90m 4 |[39m [36mexport[39m [36mdefault[39m [33mWebView[39m[33m;[39m[0m

Import stack:

 node_modules\react-native-webview\src\index.ts
 | import "./WebView"

 src\components\map-preview.tsx
 | import "react-native-webview"

 src\app\comunidad\actividades.tsx
 | import "@/components/map-preview"

 src\app (require.context)

Unable to resolve "./WebView" from "node_modules\react-native-webview\src\index.ts"
[0m[31m[1m>[22m[39m[90m 1 |[39m [36mimport[39m [33mWebView[39m [36mfrom[39m [32m'./WebView'[39m[33m;[39m
 [90m   |[39m                      [31m[1m^[22m[39m
 [90m 2 |[39m
 [90m 3 |[39m [36mexport[39m { [33mWebView[39m }[33m;[39m
 [90m 4 |[39m [36mexport[39m [36mdefault[39m [33mWebView[39m[33m;[39m[0m

Import stack:

 node_modules\react-native-webview\src\index.ts
 | import "./WebView"

 src\components\map-preview.tsx
 | import "react-native-webview"

 src\app\comunidad\actividades.tsx
 | import "@/components/map-preview"

 src\app (require.context)

Unable to resolve "./WebView" from "node_modules\react-native-webview\src\index.ts"
[0m[31m[1m>[22m[39m[90m 1 |[39m [36mimport[39m [33mWebView[39m [36mfrom[39m [32m'./WebView'[39m[33m;[39m
 [90m   |[39m                      [31m[1m^[22m[39m
 [90m 2 |[39m
 [90m 3 |[39m [36mexport[39m { [33mWebView[39m }[33m;[39m
 [90m 4 |[39m [36mexport[39m [36mdefault[39m [33mWebView[39m[33m;[39m[0m

Import stack:

 node_modules\react-native-webview\src\index.ts
 | import "./WebView"

 src\components\map-preview.tsx
 | import "react-native-webview"

 src\app\comunidad\actividades.tsx
 | import "@/components/map-preview"

 src\app (require.context)

Unable to resolve "./WebView" from "node_modules\react-native-webview\src\index.ts"
[0m[31m[1m>[22m[39m[90m 1 |[39m [36mimport[39m [33mWebView[39m [36mfrom[39m [32m'./WebView'[39m[33m;[39m
 [90m   |[39m                      [31m[1m^[22m[39m
 [90m 2 |[39m
 [90m 3 |[39m [36mexport[39m { [33mWebView[39m }[33m;[39m
 [90m 4 |[39m [36mexport[39m [36mdefault[39m [33mWebView[39m[33m;[39m[0m

Import stack:

 node_modules\react-native-webview\src\index.ts
 | import "./WebView"

 src\components\map-preview.tsx
 | import "react-native-webview"

 src\app\comunidad\actividades.tsx
 | import "@/components/map-preview"

 src\app (require.context)

Unable to resolve "./WebView" from "node_modules\react-native-webview\src\index.ts"
[0m[31m[1m>[22m[39m[90m 1 |[39m [36mimport[39m [33mWebView[39m [36mfrom[39m [32m'./WebView'[39m[33m;[39m
 [90m   |[39m                      [31m[1m^[22m[39m
 [90m 2 |[39m
 [90m 3 |[39m [36mexport[39m { [33mWebView[39m }[33m;[39m
 [90m 4 |[39m [36mexport[39m [36mdefault[39m [33mWebView[39m[33m;[39m[0m

Import stack:

 node_modules\react-native-webview\src\index.ts
 | import "./WebView"

 src\components\map-preview.tsx
 | import "react-native-webview"

 src\app\comunidad\actividades.tsx
 | import "@/components/map-preview"

 src\app (require.context)

Unable to resolve "./WebView" from "node_modules\react-native-webview\src\index.ts"
[0m[31m[1m>[22m[39m[90m 1 |[39m [36mimport[39m [33mWebView[39m [36mfrom[39m [32m'./WebView'[39m[33m;[39m
 [90m   |[39m                      [31m[1m^[22m[39m
 [90m 2 |[39m
 [90m 3 |[39m [36mexport[39m { [33mWebView[39m }[33m;[39m
 [90m 4 |[39m [36mexport[39m [36mdefault[39m [33mWebView[39m[33m;[39m[0m

Import stack:

 node_modules\react-native-webview\src\index.ts
 | import "./WebView"

 src\components\map-preview.tsx
 | import "react-native-webview"

 src\app\comunidad\index.tsx
 | import "@/components/map-preview"

 src\app (require.context)

Unable to resolve "./WebView" from "node_modules\react-native-webview\src\index.ts"
[0m[31m[1m>[22m[39m[90m 1 |[39m [36mimport[39m [33mWebView[39m [36mfrom[39m [32m'./WebView'[39m[33m;[39m
 [90m   |[39m                      [31m[1m^[22m[39m
 [90m 2 |[39m
 [90m 3 |[39m [36mexport[39m { [33mWebView[39m }[33m;[39m
 [90m 4 |[39m [36mexport[39m [36mdefault[39m [33mWebView[39m[33m;[39m[0m

Import stack:

 node_modules\react-native-webview\src\index.ts
 | import "./WebView"

 src\components\map-preview.tsx
 | import "react-native-webview"

 src\app\comunidad\index.tsx
 | import "@/components/map-preview"

 src\app (require.context)

Unable to resolve "./WebView" from "node_modules\react-native-webview\src\index.ts"
[0m[31m[1m>[22m[39m[90m 1 |[39m [36mimport[39m [33mWebView[39m [36mfrom[39m [32m'./WebView'[39m[33m;[39m
 [90m   |[39m                      [31m[1m^[22m[39m
 [90m 2 |[39m
 [90m 3 |[39m [36mexport[39m { [33mWebView[39m }[33m;[39m
 [90m 4 |[39m [36mexport[39m [36mdefault[39m [33mWebView[39m[33m;[39m[0m

Import stack:

 node_modules\react-native-webview\src\index.ts
 | import "./WebView"

 src\components\map-preview.tsx
 | import "react-native-webview"

 src\app\comunidad\index.tsx
 | import "@/components/map-preview"

 src\app (require.context)

Unable to resolve "./WebView" from "node_modules\react-native-webview\src\index.ts"
[0m[31m[1m>[22m[39m[90m 1 |[39m [36mimport[39m [33mWebView[39m [36mfrom[39m [32m'./WebView'[39m[33m;[39m
 [90m   |[39m                      [31m[1m^[22m[39m
 [90m 2 |[39m
 [90m 3 |[39m [36mexport[39m { [33mWebView[39m }[33m;[39m
 [90m 4 |[39m [36mexport[39m [36mdefault[39m [33mWebView[39m[33m;[39m[0m

Import stack:

 node_modules\react-native-webview\src\index.ts
 | import "./WebView"

 src\components\map-preview.tsx
 | import "react-native-webview"

 src\app\comunidad\index.tsx
 | import "@/components/map-preview"

 src\app (require.context)

Unable to resolve "./WebView" from "node_modules\react-native-webview\src\index.ts"
[0m[31m[1m>[22m[39m[90m 1 |[39m [36mimport[39m [33mWebView[39m [36mfrom[39m [32m'./WebView'[39m[33m;[39m
 [90m   |[39m                      [31m[1m^[22m[39m
 [90m 2 |[39m
 [90m 3 |[39m [36mexport[39m { [33mWebView[39m }[33m;[39m
 [90m 4 |[39m [36mexport[39m [36mdefault[39m [33mWebView[39m[33m;[39m[0m

Import stack:

 node_modules\react-native-webview\src\index.ts
 | import "./WebView"

 src\components\map-preview.tsx
 | import "react-native-webview"

 src\app\comunidad\index.tsx
 | import "@/components/map-preview"

 src\app (require.context)

Unable to resolve "./WebView" from "node_modules\react-native-webview\src\index.ts"
[0m[31m[1m>[22m[39m[90m 1 |[39m [36mimport[39m [33mWebView[39m [36mfrom[39m [32m'./WebView'[39m[33m;[39m
 [90m   |[39m                      [31m[1m^[22m[39m
 [90m 2 |[39m
 [90m 3 |[39m [36mexport[39m { [33mWebView[39m }[33m;[39m
 [90m 4 |[39m [36mexport[39m [36mdefault[39m [33mWebView[39m[33m;[39m[0m

Import stack:

 node_modules\react-native-webview\src\index.ts
 | import "./WebView"

 src\components\map-preview.tsx
 | import "react-native-webview"

 src\app\comunidad\index.tsx
 | import "@/components/map-preview"

 src\app (require.context)

Unable to resolve "./WebView" from "node_modules\react-native-webview\src\index.ts"
[0m[31m[1m>[22m[39m[90m 1 |[39m [36mimport[39m [33mWebView[39m [36mfrom[39m [32m'./WebView'[39m[33m;[39m
 [90m   |[39m                      [31m[1m^[22m[39m
 [90m 2 |[39m
 [90m 3 |[39m [36mexport[39m { [33mWebView[39m }[33m;[39m
 [90m 4 |[39m [36mexport[39m [36mdefault[39m [33mWebView[39m[33m;[39m[0m

Import stack:

 node_modules\react-native-webview\src\index.ts
 | import "./WebView"

 src\components\map-preview.tsx
 | import "react-native-webview"

 src\app\comunidad\index.tsx
 | import "@/components/map-preview"

 src\app (require.context)

Unable to resolve "./WebView" from "node_modules\react-native-webview\src\index.ts"
[0m[31m[1m>[22m[39m[90m 1 |[39m [36mimport[39m [33mWebView[39m [36mfrom[39m [32m'./WebView'[39m[33m;[39m
 [90m   |[39m                      [31m[1m^[22m[39m
 [90m 2 |[39m
 [90m 3 |[39m [36mexport[39m { [33mWebView[39m }[33m;[39m
 [90m 4 |[39m [36mexport[39m [36mdefault[39m [33mWebView[39m[33m;[39m[0m

Import stack:

 node_modules\react-native-webview\src\index.ts
 | import "./WebView"

 src\components\map-preview.tsx
 | import "react-native-webview"

 src\app\comunidad\index.tsx
 | import "@/components/map-preview"

 src\app (require.context)

Unable to resolve "./WebView" from "node_modules\react-native-webview\src\index.ts"
[0m[31m[1m>[22m[39m[90m 1 |[39m [36mimport[39m [33mWebView[39m [36mfrom[39m [32m'./WebView'[39m[33m;[39m
 [90m   |[39m                      [31m[1m^[22m[39m
 [90m 2 |[39m
 [90m 3 |[39m [36mexport[39m { [33mWebView[39m }[33m;[39m
 [90m 4 |[39m [36mexport[39m [36mdefault[39m [33mWebView[39m[33m;[39m[0m

Import stack:

 node_modules\react-native-webview\src\index.ts
 | import "./WebView"

 src\components\map-preview.tsx
 | import "react-native-webview"

 src\app\comunidad\index.tsx
 | import "@/components/map-preview"

 src\app (require.context)

Unable to resolve "./WebView" from "node_modules\react-native-webview\src\index.ts"
[0m[31m[1m>[22m[39m[90m 1 |[39m [36mimport[39m [33mWebView[39m [36mfrom[39m [32m'./WebView'[39m[33m;[39m
 [90m   |[39m                      [31m[1m^[22m[39m
 [90m 2 |[39m
 [90m 3 |[39m [36mexport[39m { [33mWebView[39m }[33m;[39m
 [90m 4 |[39m [36mexport[39m [36mdefault[39m [33mWebView[39m[33m;[39m[0m

Import stack:

 node_modules\react-native-webview\src\index.ts
 | import "./WebView"

 src\components\map-preview.tsx
 | import "react-native-webview"

 src\app\comunidad\index.tsx
 | import "@/components/map-preview"

 src\app (require.context)

Unable to resolve "./WebView" from "node_modules\react-native-webview\src\index.ts"
[0m[31m[1m>[22m[39m[90m 1 |[39m [36mimport[39m [33mWebView[39m [36mfrom[39m [32m'./WebView'[39m[33m;[39m
 [90m   |[39m                      [31m[1m^[22m[39m
 [90m 2 |[39m
 [90m 3 |[39m [36mexport[39m { [33mWebView[39m }[33m;[39m
 [90m 4 |[39m [36mexport[39m [36mdefault[39m [33mWebView[39m[33m;[39m[0m

Import stack:

 node_modules\react-native-webview\src\index.ts
 | import "./WebView"

 src\components\map-preview.tsx
 | import "react-native-webview"

 src\app\comunidad\index.tsx
 | import "@/components/map-preview"

 src\app (require.context)

Unable to resolve "./WebView" from "node_modules\react-native-webview\src\index.ts"
[0m[31m[1m>[22m[39m[90m 1 |[39m [36mimport[39m [33mWebView[39m [36mfrom[39m [32m'./WebView'[39m[33m;[39m
 [90m   |[39m                      [31m[1m^[22m[39m
 [90m 2 |[39m
 [90m 3 |[39m [36mexport[39m { [33mWebView[39m }[33m;[39m
 [90m 4 |[39m [36mexport[39m [36mdefault[39m [33mWebView[39m[33m;[39m[0m

Import stack:

 node_modules\react-native-webview\src\index.ts
 | import "./WebView"

 src\components\map-preview.tsx
 | import "react-native-webview"

 src\app\comunidad\index.tsx
 | import "@/components/map-preview"

 src\app (require.context)

Unable to resolve "./WebView" from "node_modules\react-native-webview\src\index.ts"
[0m[31m[1m>[22m[39m[90m 1 |[39m [36mimport[39m [33mWebView[39m [36mfrom[39m [32m'./WebView'[39m[33m;[39m
 [90m   |[39m                      [31m[1m^[22m[39m
 [90m 2 |[39m
 [90m 3 |[39m [36mexport[39m { [33mWebView[39m }[33m;[39m
 [90m 4 |[39m [36mexport[39m [36mdefault[39m [33mWebView[39m[33m;[39m[0m

Import stack:

 node_modules\react-native-webview\src\index.ts
 | import "./WebView"

 src\components\map-preview.tsx
 | import "react-native-webview"

 src\app\comunidad\index.tsx
 | import "@/components/map-preview"

 src\app (require.context)

Unable to resolve "./WebView" from "node_modules\react-native-webview\src\index.ts"
[0m[31m[1m>[22m[39m[90m 1 |[39m [36mimport[39m [33mWebView[39m [36mfrom[39m [32m'./WebView'[39m[33m;[39m
 [90m   |[39m                      [31m[1m^[22m[39m
 [90m 2 |[39m
 [90m 3 |[39m [36mexport[39m { [33mWebView[39m }[33m;[39m
 [90m 4 |[39m [36mexport[39m [36mdefault[39m [33mWebView[39m[33m;[39m[0m

Import stack:

 node_modules\react-native-webview\src\index.ts
 | import "./WebView"

 src\components\map-preview.tsx
 | import "react-native-webview"

 src\app\comunidad\index.tsx
 | import "@/components/map-preview"

 src\app (require.context)

Unable to resolve "./WebView" from "node_modules\react-native-webview\src\index.ts"
[0m[31m[1m>[22m[39m[90m 1 |[39m [36mimport[39m [33mWebView[39m [36mfrom[39m [32m'./WebView'[39m[33m;[39m
 [90m   |[39m                      [31m[1m^[22m[39m
 [90m 2 |[39m
 [90m 3 |[39m [36mexport[39m { [33mWebView[39m }[33m;[39m
 [90m 4 |[39m [36mexport[39m [36mdefault[39m [33mWebView[39m[33m;[39m[0m

Import stack:

 node_modules\react-native-webview\src\index.ts
 | import "./WebView"

 src\components\map-preview.tsx
 | import "react-native-webview"

 src\app\comunidad\index.tsx
 | import "@/components/map-preview"

 src\app (require.context)

Unable to resolve "./WebView" from "node_modules\react-native-webview\src\index.ts"
[0m[31m[1m>[22m[39m[90m 1 |[39m [36mimport[39m [33mWebView[39m [36mfrom[39m [32m'./WebView'[39m[33m;[39m
 [90m   |[39m                      [31m[1m^[22m[39m
 [90m 2 |[39m
 [90m 3 |[39m [36mexport[39m { [33mWebView[39m }[33m;[39m
 [90m 4 |[39m [36mexport[39m [36mdefault[39m [33mWebView[39m[33m;[39m[0m

Import stack:

 node_modules\react-native-webview\src\index.ts
 | import "./WebView"

 src\components\map-preview.tsx
 | import "react-native-webview"

 src\app\comunidad\index.tsx
 | import "@/components/map-preview"

 src\app (require.context)

Unable to resolve "./WebView" from "node_modules\react-native-webview\src\index.ts"
[0m[31m[1m>[22m[39m[90m 1 |[39m [36mimport[39m [33mWebView[39m [36mfrom[39m [32m'./WebView'[39m[33m;[39m
 [90m   |[39m                      [31m[1m^[22m[39m
 [90m 2 |[39m
 [90m 3 |[39m [36mexport[39m { [33mWebView[39m }[33m;[39m
 [90m 4 |[39m [36mexport[39m [36mdefault[39m [33mWebView[39m[33m;[39m[0m

Import stack:

 node_modules\react-native-webview\src\index.ts
 | import "./WebView"

 src\components\map-preview.tsx
 | import "react-native-webview"

 src\app\comunidad\index.tsx
 | import "@/components/map-preview"

 src\app (require.context)

Unable to resolve "./WebView" from "node_modules\react-native-webview\src\index.ts"
[0m[31m[1m>[22m[39m[90m 1 |[39m [36mimport[39m [33mWebView[39m [36mfrom[39m [32m'./WebView'[39m[33m;[39m
 [90m   |[39m                      [31m[1m^[22m[39m
 [90m 2 |[39m
 [90m 3 |[39m [36mexport[39m { [33mWebView[39m }[33m;[39m
 [90m 4 |[39m [36mexport[39m [36mdefault[39m [33mWebView[39m[33m;[39m[0m

Import stack:

 node_modules\react-native-webview\src\index.ts
 | import "./WebView"

 src\components\map-preview.tsx
 | import "react-native-webview"

 src\app\comunidad\index.tsx
 | import "@/components/map-preview"

 src\app (require.context)

Android node_modules\expo-router\entry.js ░░░░░░░░░░░░░░░░  0.0% (0/1)
Android Bundling failed 250ms node_modules\expo-router\entry.js (1 module)
Unable to resolve "./WebView" from "node_modules\react-native-webview\src\index.ts"
[0m[31m[1m>[22m[39m[90m 1 |[39m [36mimport[39m [33mWebView[39m [36mfrom[39m [32m'./WebView'[39m[33m;[39m
 [90m   |[39m                      [31m[1m^[22m[39m
 [90m 2 |[39m
 [90m 3 |[39m [36mexport[39m { [33mWebView[39m }[33m;[39m
 [90m 4 |[39m [36mexport[39m [36mdefault[39m [33mWebView[39m[33m;[39m[0m

Import stack:

 node_modules\react-native-webview\src\index.ts
 | import "./WebView"

 src\components\map-preview.tsx
 | import "react-native-webview"

 src\app\comunidad\index.tsx
 | import "@/components/map-preview"

 src\app (require.context)

Android node_modules\expo-router\entry.js ░░░░░░░░░░░░░░░░  0.0% (0/1)
Android Bundling failed 236ms node_modules\expo-router\entry.js (1 module)
Unable to resolve "./WebView" from "node_modules\react-native-webview\src\index.ts"
[0m[31m[1m>[22m[39m[90m 1 |[39m [36mimport[39m [33mWebView[39m [36mfrom[39m [32m'./WebView'[39m[33m;[39m
 [90m   |[39m                      [31m[1m^[22m[39m
 [90m 2 |[39m
 [90m 3 |[39m [36mexport[39m { [33mWebView[39m }[33m;[39m
 [90m 4 |[39m [36mexport[39m [36mdefault[39m [33mWebView[39m[33m;[39m[0m

Import stack:

 node_modules\react-native-webview\src\index.ts
 | import "./WebView"

 src\components\map-preview.tsx
 | import "react-native-webview"

 src\app\comunidad\index.tsx
 | import "@/components/map-preview"

 src\app (require.context)

