INFO         | Android emulator version 36.6.11.0 (build_id 15507667) (CL:N/A)
INFO         | Graphics backend: gfxstream
INFO         | Found systemPath D:/studioinstallation\system-images\android-35\google_apis\x86_64\
INFO         | Saving last run QEMU version for the AVD to 2
ERROR        | avdInfo_setLastRunQemuVersion: Could not write file: C:\Users\Esteban Risopatrón\.android\avd\..\avd\WorkoutEmu.avd\qemu-version.txt
INFO         | Increasing RAM size to 2560MB
INFO         | IPv4 server found: 192.168.100.1
INFO         | Ignore IPv6 address: 7075:f05d:4202:0:1070:f05d:4202:0
INFO         | Ignore IPv6 address: 7075:f05d:4202:0:1070:f05d:4202:0
INFO         | Ignore IPv6 address: 7075:f05d:4202:0:1070:f05d:4202:0
INFO         | Ignore IPv6 address: 787b:f05d:4202:0:1070:f05d:4202:0
INFO         | Ignore IPv6 address: 787b:f05d:4202:0:1070:f05d:4202:0
INFO         | Ignore IPv6 address: 787b:f05d:4202:0:1070:f05d:4202:0
INFO         | Ignore IPv6 address: 6881:f05d:4202:0:1070:f05d:4202:0
INFO         | Ignore IPv6 address: 6881:f05d:4202:0:1070:f05d:4202:0
INFO         | Ignore IPv6 address: 6881:f05d:4202:0:1070:f05d:4202:0
INFO         | Ignore IPv6 address: 7087:f05d:4202:0:1070:f05d:4202:0
INFO         | Ignore IPv6 address: 7087:f05d:4202:0:1070:f05d:4202:0
INFO         | Ignore IPv6 address: 7087:f05d:4202:0:1070:f05d:4202:0
INFO         | Ignore IPv6 address: 908d:f05d:4202:0:1070:f05d:4202:0
INFO         | Ignore IPv6 address: 908d:f05d:4202:0:1070:f05d:4202:0
INFO         | Ignore IPv6 address: 908d:f05d:4202:0:1070:f05d:4202:0
INFO         | Ignore IPv6 address: b093:f05d:4202:0:1070:f05d:4202:0
INFO         | Ignore IPv6 address: a89b:f05d:4202:0:1070:f05d:4202:0
INFO         | Ignore IPv6 address: a89b:f05d:4202:0:1070:f05d:4202:0
INFO         | Ignore IPv6 address: a89b:f05d:4202:0:1070:f05d:4202:0
INFO         | Ignore IPv6 address: c0a1:f05d:4202:0:1070:f05d:4202:0
INFO         | Ignore IPv6 address: c0a1:f05d:4202:0:1070:f05d:4202:0
INFO         | Ignore IPv6 address: c0a1:f05d:4202:0:1070:f05d:4202:0
INFO         | Ignore IPv6 address: a8a7:f05d:4202:0:1070:f05d:4202:0
INFO         | Ignore IPv6 address: a8a7:f05d:4202:0:1070:f05d:4202:0
INFO         | Ignore IPv6 address: a8a7:f05d:4202:0:1070:f05d:4202:0
INFO         | Guest GLES Driver: Auto (ext controls)
INFO         | emuglConfig_get_vulkan_hardware_gpu_support_info: Found physical GPU 'NVIDIA GeForce RTX 3050 6GB Laptop GPU', type: VK_PHYSICAL_DEVICE_TYPE_DISCRETE_GPU, apiVersion: 1.4.341, driverVersion: 610.47

INFO         | emuglConfig_get_vulkan_hardware_gpu_support_info: Found physical GPU 'Microsoft Direct3D12 (NVIDIA GeForce RTX 3050 6GB Laptop GPU)', type: VK_PHYSICAL_DEVICE_TYPE_DISCRETE_GPU, apiVersion: 1.2.350, driverVersion: 26.0

INFO         | emuglConfig_get_vulkan_hardware_gpu_support_info: Found physical GPU 'Intel(R) UHD Graphics', type: VK_PHYSICAL_DEVICE_TYPE_INTEGRATED_GPU, apiVersion: 1.4.309, driverVersion: 0.405.2637

INFO         | emuglConfig_get_vulkan_hardware_gpu_support_info: Found physical GPU 'Microsoft Direct3D12 (Intel(R) UHD Graphics)', type: VK_PHYSICAL_DEVICE_TYPE_INTEGRATED_GPU, apiVersion: 1.2.350, driverVersion: 26.1.99

INFO         | emuglConfig_get_vulkan_hardware_gpu_support_info: Found physical GPU 'Microsoft Direct3D12 (Microsoft Basic Render Driver)', type: VK_PHYSICAL_DEVICE_TYPE_CPU, apiVersion: 1.2.350, driverVersion: 26.1.99

INFO         | emuglConfig_init: vulkan_mode_selected:host gles_mode_selected:host
INFO         | Checking system compatibility:
INFO         |   Checking: hasCompatibleHypervisor
INFO         |      Ok: Hypervisor compatibility to run avd: `WorkoutEmu` are met
INFO         |   Checking: hasSufficientSystem
INFO         |      Ok: System requirements to run avd: `WorkoutEmu` are met
INFO         |   Checking: hasSufficientHwGpu
INFO         |      Ok: Hardware GPU requirements to run avd: `WorkoutEmu` are passed
INFO         |   Checking: hasSufficientDiskSpace
INFO         |      Ok: Disk space requirements to run avd: `WorkoutEmu` are met
WARNING      | Failed to process .ini file C:\Users\Esteban Risopatrón\.android\avd\..\avd\WorkoutEmu.avd\quickbootChoice.ini for reading.
INFO         | Critical: Failed to load opengl32sw (No se puede encontrar el módulo especificado.) (:0, )
INFO         | Warning: Software OpenGL failed. Falling back to system OpenGL. (:0, )
INFO         | Warning: QMetaObject::connectSlotsByName: No matching signal for on_default_environment_selected() (:0, )
INFO         | Warning: QMetaObject::connectSlotsByName: No matching signal for on_none_selected() (:0, )
INFO         | Warning: QMetaObject::connectSlotsByName: No matching signal for on_custom_image_selected() (:0, )
INFO         | Warning: QMetaObject::connectSlotsByName: No matching signal for on_custom_video_selected() (:0, )
INFO         | Warning: QMetaObject::connectSlotsByName: No matching signal for on_custom_360_image_selected() (:0, )
INFO         | Storing crashdata in: C:\Users\ESTEBA~1\AppData\Local\Temp\\AndroidEmulator\emu-crash-36.6.11.db, detection is enabled for process: 33776
INFO         | Initializing gfxstream backend
INFO         | startOpenglesRendererImpl: gpu info
INFO         | GPU #1
  Make: 10de
  Model: NVIDIA GeForce RTX 3050 6GB Laptop GPU
  Device ID: 25ac

INFO         | Disabling implicit Vulkan layers to avoid compatibility issues. Set VK_LOADER_LAYERS_DISABLE manually to disable this behavior.
INFO         | SharedLibrary::open for [D:\studioinstallation\emulator\qemu\windows-x86_64\lib64\vulkan\vulkan-1.dll]
INFO         | SharedLibrary::open for [D:\studioinstallation\emulator\lib64\vulkan\vulkan-1.dll]
INFO         | Added library: D:\studioinstallation\emulator\lib64\vulkan\vulkan-1.dll
INFO         | Selecting Vulkan device: NVIDIA GeForce RTX 3050 6GB Laptop GPU, Version: 1.4.341
INFO         | Using Vulkan externalMemoryMode: OpaqueWin32 for VkEmulation
INFO         | Initializing VkEmulation features:
INFO         |     glInteropSupported: true
INFO         |     useDeferredCommands: true
INFO         |     createResourceWithRequirements: true
INFO         |     useVulkanComposition: false
INFO         |     useVulkanNativeSwapchain: false
INFO         |     enable guestRenderDoc: false
INFO         |     ASTC LDR emulation mode: Gpu
INFO         |     enable ETC2 emulation: true
INFO         |     enable Ycbcr emulation: false
INFO         |     guestVulkanOnly: false
INFO         |     useDedicatedAllocations: false
INFO         |     guestVulkanMaxApiVersion: 1.3.0
INFO         |     enableProtectedMemoryEmulation: false
INFO         | Graphics Adapter Vendor Google (NVIDIA Corporation)
INFO         | Graphics Adapter Android Emulator OpenGL ES Translator (NVIDIA GeForce RTX 3050 6GB Laptop GPU/PCIe/SSE2)
INFO         | Graphics API Version OpenGL ES 3.0 (4.5.0 NVIDIA 610.47)
INFO         | Graphics API Extensions GL_OES_EGL_sync GL_OES_EGL_image GL_OES_EGL_image_external GL_OES_depth24 GL_OES_depth32 GL_OES_element_index_uint GL_OES_texture_float GL_OES_texture_float_linear GL_OES_compressed_paletted_texture GL_OES_compressed_ETC1_RGB8_texture GL_OES_depth_texture GL_OES_texture_half_float GL_OES_texture_half_float_linear GL_OES_packed_depth_stencil GL_OES_vertex_half_float GL_OES_texture_npot GL_OES_rgb8_rgba8 GL_OVR_multiview2 GL_EXT_multiview_texture_multisample GL_EXT_color_buffer_float GL_EXT_color_buffer_half_float GL_EXT_texture_format_BGRA8888 GL_APPLE_texture_format_BGRA8888 GL_EXT_texture_buffer 
INFO         | Graphics Device Extensions N/A
INFO         | Disabling sparse binding feature support
INFO         | Sending adb public key [QAAAANcKT2sZd/K48MPk4dYEyvBRyC1f8GF94Lb8X2ix3mLLzsLU1D9yKJWCzZdLQZlF6HH5xvPHqADzuMkq+R7EXRt6gdIfG98gMc8ErZBxHeB+lhCwr+Ie45fQeU8cD9tMpX03XTzw+cOfLvCZQxK8ukl+CfG1SmO59HXE6g9/3oYCIO5B1Wo3VlUyGpn1p2Ct87WfrQyBtACvHVaID+yEG1H+XPdjLXr6EYZQRDTV77us+s5XNbb+vUHNdpUCvh1w2ZsZr8PC9b3S2deMD5zpdHZy1pgDBXEnmWGf2brIAvfXP8dCZXdl7VJ4dD1FnxLwDXbg9Nkvz1KLdRMyXqlPcw2soeTISICeaOMvAuAsdIxYrmVBKextNj9Slb7Af1dpsYD22g7ByxTebu3hwctlwpFn6b5KdMcjr/APs6nG+VCwsKyK4W8jvYXecARG7xPOUUZM09SjkjNvDFuMXdo9mGBiKCMYuiVdcMA8Gl2KHAProhWaUDvJORzhmmr3wMEg/QMyb0Xktq9ER5cBW4jFCna6BNc966W21N2rz4Z92GFqHMwxIDgQ6d+9dlcqKc781YCdRyywjARX5tYRs3g1vtLJkrDS2lrQk4dJkevKtx99oAl29BU5UrSmKMbDrRe4/DFb9FXBExAvMBNH+8v8fuMw0m0/H+aus3IkxZl+SjxvlF2oGQEAAQA= @unknown]
INFO         | Userspace boot properties:
INFO         |   androidboot.boot_devices=pci0000:00/0000:00:03.0 pci0000:00/0000:00:06.0
INFO         |   androidboot.dalvik.vm.heapsize=576m
INFO         |   androidboot.debug.hwui.renderer=skiagl
INFO         |   androidboot.hardware=ranchu
INFO         |   androidboot.hardware.gltransport=pipe
INFO         |   androidboot.hardware.vulkan=ranchu
INFO         |   androidboot.logcat=*:V
INFO         |   androidboot.opengles.version=196609
INFO         |   androidboot.qemu=1
INFO         |   androidboot.qemu.adb.pubkey=QAAAANcKT2sZd/K48MPk4dYEyvBRyC1f8GF94Lb8X2ix3mLLzsLU1D9yKJWCzZdLQZlF6HH5xvPHqADzuMkq+R7EXRt6gdIfG98gMc8ErZBxHeB+lhCwr+Ie45fQeU8cD9tMpX03XTzw+cOfLvCZQxK8ukl+CfG1SmO59HXE6g9/3oYCIO5B1Wo3VlUyGpn1p2Ct87WfrQyBtACvHVaID+yEG1H+XPdjLXr6EYZQRDTV77us+s5XNbb+vUHNdpUCvh1w2ZsZr8PC9b3S2deMD5zpdHZy1pgDBXEnmWGf2brIAvfXP8dCZXdl7VJ4dD1FnxLwDXbg9Nkvz1KLdRMyXqlPcw2soeTISICeaOMvAuAsdIxYrmVBKextNj9Slb7Af1dpsYD22g7ByxTebu3hwctlwpFn6b5KdMcjr/APs6nG+VCwsKyK4W8jvYXecARG7xPOUUZM09SjkjNvDFuMXdo9mGBiKCMYuiVdcMA8Gl2KHAProhWaUDvJORzhmmr3wMEg/QMyb0Xktq9ER5cBW4jFCna6BNc966W21N2rz4Z92GFqHMwxIDgQ6d+9dlcqKc781YCdRyywjARX5tYRs3g1vtLJkrDS2lrQk4dJkevKtx99oAl29BU5UrSmKMbDrRe4/DFb9FXBExAvMBNH+8v8fuMw0m0/H+aus3IkxZl+SjxvlF2oGQEAAQA= @unknown
INFO         |   androidboot.qemu.avd_name=WorkoutEmu
INFO         |   androidboot.qemu.camera_hq_edge_processing=0
INFO         |   androidboot.qemu.camera_protocol_ver=1
INFO         |   androidboot.qemu.cpuvulkan.version=4206592
INFO         |   androidboot.qemu.gltransport.drawFlushInterval=800
INFO         |   androidboot.qemu.gltransport.name=pipe
INFO         |   androidboot.qemu.hwcodec.avcdec=2
INFO         |   androidboot.qemu.hwcodec.hevcdec=2
INFO         |   androidboot.qemu.hwcodec.vpxdec=2
INFO         |   androidboot.qemu.settings.system.screen_off_timeout=2147483647
INFO         |   androidboot.qemu.skin=1080x2400
INFO         |   androidboot.qemu.virtiowifi=1
INFO         |   androidboot.qemu.vsync=60
INFO         |   androidboot.serialno=EMULATOR36X6X11X0
INFO         |   androidboot.vbmeta.digest=b3271ba499104f4631ae3723913d5c12574e01715fce5b82d60beed097ead264
INFO         |   androidboot.vbmeta.hash_alg=sha256
INFO         |   androidboot.vbmeta.size=6720
INFO         |   androidboot.veritymode=enforcing
WHPX on Windows 10.0.26200 detected.
Windows Hypervisor Platform accelerator is operational
netsimd I 07-20 04:35:53.032 external/netsim+/rust/daemon/src\rust_main.rs:93 - netsim artifacts path: "C:\\Users\\ESTEBA~1\\AppData\\Local\\Temp\\netsimd"
netsimd I 07-20 04:35:53.033 external/netsim+/rust/daemon/src\rust_main.rs:96 - NetsimdArgs {
    fd_startup_str: None,
    no_cli_ui: false,
    no_web_ui: false,
    pcap: false,
    disable_address_reuse: false,
    hci_port: None,
    connector_instance: None,
    instance: None,
    logtostderr: false,
    dev: false,
    forward_host_mdns: false,
    vsock: None,
    config: None,
    host_dns: Some(
        "192.168.100.1",
    ),
    http_proxy: None,
    wifi_tap: None,
    wifi: None,
    test_beacons: false,
    no_test_beacons: false,
    no_shutdown: false,
    verbose: false,
    version: false,
    debug: DebugArgs {
        debug_no_traffic: false,
        debug_no_network: false,
        debug_no_wmedium: false,
        debug_no_mdns_wmedium: false,
        debug_no_guest_to_host_mdns: false,
    },
    rssi: None,
}
INFO         | Monitoring duration of emulator setup.
WARNING      | The emulator now requires a signed jwt token for gRPC access! Use the -grpc flag if you really want an open unprotected grpc port
INFO         | Using security allow list from: D:\studioinstallation\emulator\lib\emulator_access.json
INFO         | The active JSON Web Key Sets can be found here: C:\Users\Esteban Risopatrón\AppData\Local\Temp\avd\running\33776\jwks\0b6be313-2331-45c6-a29d-93cabad8602d\active.jwk
INFO         | Scanning C:\Users\Esteban Risopatrón\AppData\Local\Temp\avd\running\33776\jwks\0b6be313-2331-45c6-a29d-93cabad8602d for jwk keys.
INFO         | Started GRPC server at 127.0.0.1:8554, security: Local, auth: +token
INFO         | Advertising in: C:\Users\Esteban Risopatrón\AppData\Local\Temp\avd\running\pid_33776.ini
INFO         | Successfully initialized netsim WiFi
INFO         | Activated packet streamer for bluetooth emulation
INFO         | Setting display: 0 configuration to: 1080x2400, dpi: 420x420 
INFO         | setDisplayActiveConfig: id:0, 1080x2400
INFO         | emulatorSetupEnvironment: Environment scene is not required
INFO         | Checking system compatibility:
INFO         |   Checking: hasCompatibleHypervisor
INFO         |      Ok: Hypervisor compatibility to run avd: `WorkoutEmu` are met
INFO         |   Checking: hasSufficientSystem
INFO         |      Ok: System requirements to run avd: `WorkoutEmu` are met
INFO         |   Checking: hasSufficientHwGpu
INFO         |      Ok: Hardware GPU requirements to run avd: `WorkoutEmu` are passed
INFO         |   Checking: hasSufficientDiskSpace
INFO         |      Ok: Disk space requirements to run avd: `WorkoutEmu` are met
USER_INFO    | Emulator is performing a full startup. This may take upto two minutes, or more.
WARNING      | Failed to process .ini file C:\Users\Esteban Risopatrón\.android\emu-update-last-check.ini for reading.
WARNING      | Failed to process .ini file C:\Users\Esteban Risopatrón\.android\emu-update-last-check.ini for reading.
INFO         | Warning: QMetaObject::connectSlotsByName: No matching signal for on_rgbcSensorValueWidget_valueChanged() (:0, )
INFO         | Warning: QMetaObject::connectSlotsByName: No matching signal for on_posture_valueChanged(int) (:0, )
INFO         | Warning: QObject::connect: Cannot queue arguments of type 'std::vector<android::emulation::control::SnapshotInfo>'
(Make sure 'std::vector<android::emulation::control::SnapshotInfo>' is registered using qRegisterMetaType().) (:0, )
INFO         | AVD supportsNativeGLES=1, supportsGuestAngle=1
INFO         | Created extended window in 434.781ms
INFO         | Critical: UpdateLayeredWindowIndirect failed for ptDst=(574, -788), size=(375x26), dirty=(375x26 0, 0) (Uno de los dispositivos conectados al sistema no funciona.) (:0, )
INFO         | Boot completed in 107364 ms
INFO         | Increasing screen off timeout, logcat buffer size to 2M.
INFO         | Critical: UpdateLayeredWindowIndirect failed for ptDst=(574, -788), size=(375x26), dirty=(375x26 0, 0) (Uno de los dispositivos conectados al sistema no funciona.) (:0, )
INFO         | Wait for emulator (pid 33776) 20 seconds to shutdown gracefully before kill;you can set environment variable ANDROID_EMULATOR_WAIT_TIME_BEFORE_KILL(in seconds) to change the default value (20 seconds)

INFO         | Saving with gfxstream=1
INFO         | Saving snapshot 'default_boot' using 832 ms
INFO         | removeAll
WARNING      | Netsim Wifi localhost:50823 is gone due to CANCELLED
